g:\programming game engines\irrlichtprojectjoshward\irrlichtprojectjoshward\debug\main.obj
g:\programming game engines\irrlichtprojectjoshward\irrlichtprojectjoshward\debug\vc110.pdb
g:\programming game engines\irrlichtprojectjoshward\debug\irrlichtprojectjoshward.ilk
g:\programming game engines\irrlichtprojectjoshward\debug\irrlichtprojectjoshward.exe
g:\programming game engines\irrlichtprojectjoshward\debug\irrlichtprojectjoshward.pdb
e:\uni work sem 2\irrlicht\irrlicht 2\programming game engines\irrlichtprojectjoshward\irrlichtprojectjoshward\debug\vc140.pdb
e:\uni work sem 2\irrlicht\irrlicht 2\programming game engines\irrlichtprojectjoshward\irrlichtprojectjoshward\debug\vc140.idb
e:\uni work sem 2\irrlicht\irrlicht 2\programming game engines\irrlichtprojectjoshward\irrlichtprojectjoshward\debug\main.obj
e:\uni work sem 2\irrlicht\irrlicht 2\programming game engines\irrlichtprojectjoshward\debug\irrlichtprojectjoshward.ilk
e:\uni work sem 2\irrlicht\irrlicht 2\programming game engines\irrlichtprojectjoshward\debug\irrlichtprojectjoshward.exe
e:\uni work sem 2\irrlicht\irrlicht 2\programming game engines\irrlichtprojectjoshward\debug\irrlichtprojectjoshward.pdb
e:\uni work sem 2\irrlicht\irrlicht 2\programming game engines\irrlichtprojectjoshward\irrlichtprojectjoshward\debug\cl.command.1.tlog
e:\uni work sem 2\irrlicht\irrlicht 2\programming game engines\irrlichtprojectjoshward\irrlichtprojectjoshward\debug\cl.read.1.tlog
e:\uni work sem 2\irrlicht\irrlicht 2\programming game engines\irrlichtprojectjoshward\irrlichtprojectjoshward\debug\cl.write.1.tlog
e:\uni work sem 2\irrlicht\irrlicht 2\programming game engines\irrlichtprojectjoshward\irrlichtprojectjoshward\debug\link-cvtres.read.1.tlog
e:\uni work sem 2\irrlicht\irrlicht 2\programming game engines\irrlichtprojectjoshward\irrlichtprojectjoshward\debug\link-cvtres.write.1.tlog
e:\uni work sem 2\irrlicht\irrlicht 2\programming game engines\irrlichtprojectjoshward\irrlichtprojectjoshward\debug\link-rc.read.1.tlog
e:\uni work sem 2\irrlicht\irrlicht 2\programming game engines\irrlichtprojectjoshward\irrlichtprojectjoshward\debug\link-rc.write.1.tlog
e:\uni work sem 2\irrlicht\irrlicht 2\programming game engines\irrlichtprojectjoshward\irrlichtprojectjoshward\debug\link.command.1.tlog
e:\uni work sem 2\irrlicht\irrlicht 2\programming game engines\irrlichtprojectjoshward\irrlichtprojectjoshward\debug\link.read.1.tlog
e:\uni work sem 2\irrlicht\irrlicht 2\programming game engines\irrlichtprojectjoshward\irrlichtprojectjoshward\debug\link.write.1.tlog
e:\uni work sem 2\irrlicht\irrlicht 2\programming game engines\irrlichtprojectjoshward\irrlichtprojectjoshward\debug\vc110.idb
e:\uni work sem 2\irrlicht\irrlicht 2\programming game engines\irrlichtprojectjoshward\irrlichtprojectjoshward\debug\vc120.idb
e:\uni work sem 2\irrlicht\irrlicht 2\programming game engines\irrlichtprojectjoshward\irrlichtprojectjoshward\debug\vc110.pdb
e:\uni work sem 2\irrlicht\irrlicht 2\programming game engines\irrlichtprojectjoshward\irrlichtprojectjoshward\debug\vc120.pdb
e:\uni work sem 2\irrlicht\irrlicht 2\programming game engines\irrlichtprojectjoshward\irrlichtprojectjoshward\debug\irrlicht.c16761f9.tlog\cl.command.1.tlog
e:\uni work sem 2\irrlicht\irrlicht 2\programming game engines\irrlichtprojectjoshward\irrlichtprojectjoshward\debug\irrlicht.c16761f9.tlog\cl.read.1.tlog
e:\uni work sem 2\irrlicht\irrlicht 2\programming game engines\irrlichtprojectjoshward\irrlichtprojectjoshward\debug\irrlicht.c16761f9.tlog\cl.write.1.tlog
e:\uni work sem 2\irrlicht\irrlicht 2\programming game engines\irrlichtprojectjoshward\irrlichtprojectjoshward\debug\irrlicht.c16761f9.tlog\link.command.1.tlog
e:\uni work sem 2\irrlicht\irrlicht 2\programming game engines\irrlichtprojectjoshward\irrlichtprojectjoshward\debug\irrlicht.c16761f9.tlog\link.read.1.tlog
e:\uni work sem 2\irrlicht\irrlicht 2\programming game engines\irrlichtprojectjoshward\irrlichtprojectjoshward\debug\irrlicht.c16761f9.tlog\link.write.1.tlog
